<?xml version="1.0" encoding="UTF-8"?>
<testsuite xmlns:xsi="http://www.w3.org/2001/XMLSchema-instance" xsi:noNamespaceSchemaLocation="https://maven.apache.org/surefire/maven-surefire-plugin/xsd/surefire-test-report-3.0.xsd" version="3.0" name="br.com.rsdconsultoria.hexagonal.AccountingApplicationServiceTest" time="1.411" tests="2" errors="0" skipped="0" failures="0">
  <properties>
[...]
</properties>
  <testcase name="testProcessInvoicePayment_Failure" classname="br.com.rsdconsultoria.hexagonal.AccountingApplicationServiceTest" time="1.352"/>
  <testcase name="testProcessInvoicePayment_Success" classname="br.com.rsdconsultoria.hexagonal.AccountingApplicationServiceTest" time="0.008"/>
</testsuite>